<?xml version="1.0" encoding="UTF-8"?>
<beans xmlns="http://www.springframework.org/schema/beans"
	xmlns:xsi="http://www.w3.org/2001/XMLSchema-instance"
    xmlns:p="http://www.springframework.org/schema/p" 
    xmlns:context="http://www.springframework.org/schema/context"
	xsi:schemaLocation="
			http://www.springframework.org/schema/beans http://www.springframework.org/schema/beans/spring-beans-2.5.xsd
			http://www.springframework.org/schema/context http://www.springframework.org/schema/context/spring-context-2.5.xsd"
	default-autowire="byName">
	<!-- hudong 扩展配置文件 放在此文件中 add by liaoxiandong 2010.10.18 -->
    <description>
    	This is the main Spring configuration file with some of the main "core" classes defined.  You shouldn't really modify this unless you
    	know what you're doing!
    </description>
	 <bean id="testSpring" class="com.hudong.test.impl.SpringTestImpl" >
	</bean>
	</beans>
